<?xml version="1.0" encoding="UTF-8"?>
<!-- Generated by org.testng.reporters.JUnitXMLReporter -->
<testsuite hostname="QT-INBG-LT0186" failures="0" tests="4" name="Test" time="7.42" errors="0" timestamp="6 Apr 2021 08:46:01 GMT">
  <testcase classname="Testframework.Restassured.first" name="Api" time="3.623"/>
  <testcase classname="Testframework.Restassured.second" name="Api1" time="1.053"/>
  <testcase classname="Testframework.Restassured.twitter" name="createandDeletetweet" time="2.105"/>
  <testcase classname="Testframework.Restassured.twitter" name="getTweet" time="0.593"/>
</testsuite> <!-- Test -->
