<?xml version="1.0" encoding="UTF-8"?>
<testng-results total="1" passed="1" failed="0" skipped="0">
  <reporter-output>
  </reporter-output>
  <suite started-at="2021-04-07T05:22:44Z" name="Surefire suite" finished-at="2021-04-07T05:22:44Z" duration-ms="107">
    <groups>
    </groups>
    <test started-at="2021-04-07T05:22:44Z" name="Surefire test" finished-at="2021-04-07T05:22:44Z" duration-ms="107">
      <class name="Testframework.Restassured.AppTest">
        <test-method signature="shouldAnswerWithTrue()[pri:0, instance:shouldAnswerWithTrue(Testframework.Restassured.AppTest)]" started-at="2021-04-07T10:52:44Z" name="shouldAnswerWithTrue" finished-at="2021-04-07T10:52:44Z" duration-ms="5" status="PASS">
          <reporter-output>
          </reporter-output>
        </test-method> <!-- shouldAnswerWithTrue -->
      </class> <!-- Testframework.Restassured.AppTest -->
    </test> <!-- Surefire test -->
  </suite> <!-- Surefire suite -->
</testng-results>
